<?xml version="1.0" encoding="UTF-8"?>
<!-- Generated by org.testng.reporters.JUnitReportReporter -->
<testsuite hostname="DESKTOP-3CMM59S" failures="0" tests="1" name="resource.BaseClass" time="0.009" errors="0" timestamp="2022-12-14T16:06:31 IST" skipped="0">
  <testcase classname="resource.BaseClass" name="BrowserInitialisation" time="0.009"/>
  <system-out/>
</testsuite> <!-- resource.BaseClass -->
