<?xml version="1.0" encoding="UTF-8"?>
<!-- Generated by org.testng.reporters.JUnitReportReporter -->
<testsuite hostname="DESKTOP-3CMM59S" failures="0" tests="1" name="testcases.LoginTestCase" time="7.032" errors="0" timestamp="2023-01-04T13:20:22 IST" skipped="0">
  <testcase classname="testcases.LoginTestCase" name="method" time="7.032"/>
  <system-out/>
</testsuite> <!-- testcases.LoginTestCase -->
