<?xml version="1.0" encoding="UTF-8"?>
<!-- Generated by org.testng.reporters.JUnitReportReporter -->
<testsuite hostname="DESKTOP-3CMM59S" failures="0" tests="1" name="testcases.SignUpTestCases" time="9.353" errors="0" timestamp="2023-01-04T13:20:22 IST" skipped="0">
  <testcase classname="testcases.SignUpTestCases" name="method" time="9.353"/>
  <system-out/>
</testsuite> <!-- testcases.SignUpTestCases -->
