<?xml version="1.0" encoding="UTF-8"?>
<!-- Generated by org.testng.reporters.JUnitReportReporter -->
<testsuite hostname="DESKTOP-3CMM59S" failures="0" tests="1" name="testcases.test" time="14.830" errors="0" timestamp="2022-12-15T12:01:25 IST" skipped="0">
  <testcase classname="testcases.test" name="method" time="14.830"/>
  <system-out/>
</testsuite> <!-- testcases.test -->
